<?xml version="1.0" encoding="UTF-8"?>
<testng-results ignored="0" total="1" passed="1" failed="0" skipped="0">
  <reporter-output>
  </reporter-output>
  <suite started-at="2022-10-06T17:45:53 IST" name="Suite" finished-at="2022-10-06T17:45:53 IST" duration-ms="102">
    <groups>
    </groups>
    <test started-at="2022-10-06T17:45:53 IST" name="Test" finished-at="2022-10-06T17:45:53 IST" duration-ms="102">
      <class name="factory.ParameterAnnotation">
        <test-method signature="Sum(int, int)[pri:0, instance:factory.ParameterAnnotation@470f1802]" started-at="2022-10-06T17:45:53 IST" name="Sum" finished-at="2022-10-06T17:45:53 IST" duration-ms="21" status="PASS">
          <params>
            <param index="0">
              <value>
                <![CDATA[2]]>
              </value>
            </param>
            <param index="1">
              <value>
                <![CDATA[3]]>
              </value>
            </param>
          </params>
          <reporter-output>
          </reporter-output>
        </test-method> <!-- Sum -->
      </class> <!-- factory.ParameterAnnotation -->
    </test> <!-- Test -->
  </suite> <!-- Suite -->
</testng-results>
